Build started 12/10/2015 19:29:22.
     1>Project "C:\Users\Usuario\Documents\GitHub\Game-Development\classe_2\Motor2D\Motor2D.vcxproj" on node 2 (Build target(s)).
     1>ClCompile:
         C:\Program Files (x86)\Microsoft Visual Studio 12.0\VC\bin\CL.exe /c /ZI /nologo /W3 /WX- /sdl /Od /Oy- /D _ITERATOR_DEBUG_LEVEL=0 /D _MBCS /Gm /EHsc /RTC1 /MD /GS /fp:precise /Zc:wchar_t /Zc:forScope /Fo"Debug\\" /Fd"Debug\vc120.pdb" /Gd /TP /showIncludes /analyze- /errorReport:prompt j1App.cpp
         j1App.cpp
         Note: including file: c:\users\usuario\documents\github\game-development\classe_2\motor2d\p2Defs.h
         Note: including file:  C:\Program Files (x86)\Microsoft Visual Studio 12.0\VC\include\stdio.h
         Note: including file:   C:\Program Files (x86)\Microsoft Visual Studio 12.0\VC\include\crtdefs.h
         Note: including file:    C:\Program Files (x86)\Microsoft Visual Studio 12.0\VC\include\sal.h
         Note: including file:     C:\Program Files (x86)\Microsoft Visual Studio 12.0\VC\include\ConcurrencySal.h
         Note: including file:    C:\Program Files (x86)\Microsoft Visual Studio 12.0\VC\include\vadefs.h
         Note: including file:   C:\Program Files (x86)\Microsoft Visual Studio 12.0\VC\include\swprintf.inl
         Note: including file: c:\users\usuario\documents\github\game-development\classe_2\motor2d\p2Log.h
         Note: including file:  C:\Program Files (x86)\Windows Kits\8.1\Include\um\windows.h
         Note: including file:   C:\Program Files (x86)\Windows Kits\8.1\Include\shared\winapifamily.h
         Note: including file:   C:\Program Files (x86)\Windows Kits\8.1\Include\shared\sdkddkver.h
         Note: including file:   C:\Program Files (x86)\Microsoft Visual Studio 12.0\VC\include\excpt.h
         Note: including file:    C:\Program Files (x86)\Microsoft Visual Studio 12.0\VC\include\crtdefs.h
         Note: including file:   C:\Program Files (x86)\Microsoft Visual Studio 12.0\VC\include\stdarg.h
         Note: including file:    C:\Program Files (x86)\Microsoft Visual Studio 12.0\VC\include\crtdefs.h
         Note: including file:   C:\Program Files (x86)\Windows Kits\8.1\Include\shared\windef.h
         Note: including file:    C:\Program Files (x86)\Windows Kits\8.1\Include\shared\minwindef.h
         Note: including file:     C:\Program Files (x86)\Windows Kits\8.1\Include\shared\specstrings.h
         Note: including file:      C:\Program Files (x86)\Windows Kits\8.1\Include\shared\specstrings_strict.h
         Note: including file:       C:\Program Files (x86)\Windows Kits\8.1\Include\shared\specstrings_undef.h
         Note: including file:      C:\Program Files (x86)\Windows Kits\8.1\Include\shared\driverspecs.h
         Note: including file:       c:\program files (x86)\windows kits\8.1\include\shared\sdv_driverspecs.h
         Note: including file:     C:\Program Files (x86)\Windows Kits\8.1\Include\um\winnt.h
         Note: including file:      C:\Program Files (x86)\Microsoft Visual Studio 12.0\VC\include\ctype.h
         Note: including file:       C:\Program Files (x86)\Microsoft Visual Studio 12.0\VC\include\crtdefs.h
         Note: including file:      C:\Program Files (x86)\Windows Kits\8.1\Include\shared\kernelspecs.h
         Note: including file:      C:\Program Files (x86)\Windows Kits\8.1\Include\shared\basetsd.h
         Note: including file:      C:\Program Files (x86)\Windows Kits\8.1\Include\shared\guiddef.h
         Note: including file:       C:\Program Files (x86)\Microsoft Visual Studio 12.0\VC\include\string.h
         Note: including file:        C:\Program Files (x86)\Microsoft Visual Studio 12.0\VC\include\crtdefs.h
         Note: including file:      c:\program files (x86)\windows kits\8.1\include\shared\pshpack4.h
         Note: including file:      c:\program files (x86)\windows kits\8.1\include\shared\poppack.h
         Note: including file:      c:\program files (x86)\windows kits\8.1\include\shared\pshpack4.h
         Note: including file:      c:\program files (x86)\windows kits\8.1\include\shared\poppack.h
         Note: including file:      C:\Program Files (x86)\Windows Kits\8.1\Include\shared\pshpack4.h
         Note: including file:      C:\Program Files (x86)\Windows Kits\8.1\Include\shared\poppack.h
         Note: including file:      c:\program files (x86)\windows kits\8.1\include\shared\pshpack4.h
         Note: including file:      c:\program files (x86)\windows kits\8.1\include\shared\pshpack2.h
         Note: including file:      c:\program files (x86)\windows kits\8.1\include\shared\poppack.h
         Note: including file:      c:\program files (x86)\windows kits\8.1\include\shared\pshpack2.h
         Note: including file:      C:\Program Files (x86)\Windows Kits\8.1\Include\shared\pshpack2.h
         Note: including file:      C:\Program Files (x86)\Windows Kits\8.1\Include\shared\poppack.h
         Note: including file:      c:\program files (x86)\windows kits\8.1\include\shared\poppack.h
         Note: including file:      c:\program files (x86)\windows kits\8.1\include\shared\pshpack8.h
         Note: including file:      c:\program files (x86)\windows kits\8.1\include\shared\poppack.h
         Note: including file:      c:\program files (x86)\windows kits\8.1\include\shared\poppack.h
         Note: including file:      C:\Program Files (x86)\Windows Kits\8.1\Include\shared\apiset.h
         Note: including file:      C:\Program Files (x86)\Windows Kits\8.1\Include\shared\ktmtypes.h
         Note: including file:   C:\Program Files (x86)\Windows Kits\8.1\Include\um\winbase.h
         Note: including file:    C:\Program Files (x86)\Windows Kits\8.1\Include\shared\apisetcconv.h
         Note: including file:    C:\Program Files (x86)\Windows Kits\8.1\Include\um\minwinbase.h
         Note: including file:    C:\Program Files (x86)\Windows Kits\8.1\Include\um\processenv.h
         Note: including file:    C:\Program Files (x86)\Windows Kits\8.1\Include\um\fileapi.h
         Note: including file:    C:\Program Files (x86)\Windows Kits\8.1\Include\um\debugapi.h
         Note: including file:    C:\Program Files (x86)\Windows Kits\8.1\Include\um\utilapiset.h
         Note: including file:    C:\Program Files (x86)\Windows Kits\8.1\Include\um\handleapi.h
         Note: including file:    C:\Program Files (x86)\Windows Kits\8.1\Include\um\errhandlingapi.h
         Note: including file:    C:\Program Files (x86)\Windows Kits\8.1\Include\um\fibersapi.h
         Note: including file:    C:\Program Files (x86)\Windows Kits\8.1\Include\um\namedpipeapi.h
         Note: including file:    C:\Program Files (x86)\Windows Kits\8.1\Include\um\profileapi.h
         Note: including file:    C:\Program Files (x86)\Windows Kits\8.1\Include\um\heapapi.h
         Note: including file:    C:\Program Files (x86)\Windows Kits\8.1\Include\um\ioapiset.h
         Note: including file:    C:\Program Files (x86)\Windows Kits\8.1\Include\um\synchapi.h
         Note: including file:    C:\Program Files (x86)\Windows Kits\8.1\Include\um\interlockedapi.h
         Note: including file:    C:\Program Files (x86)\Windows Kits\8.1\Include\um\processthreadsapi.h
         Note: including file:    C:\Program Files (x86)\Windows Kits\8.1\Include\um\sysinfoapi.h
         Note: including file:    C:\Program Files (x86)\Windows Kits\8.1\Include\um\memoryapi.h
         Note: including file:    C:\Program Files (x86)\Windows Kits\8.1\Include\um\threadpoollegacyapiset.h
         Note: including file:    C:\Program Files (x86)\Windows Kits\8.1\Include\um\threadpoolapiset.h
         Note: including file:    C:\Program Files (x86)\Windows Kits\8.1\Include\um\bemapiset.h
         Note: including file:    C:\Program Files (x86)\Windows Kits\8.1\Include\um\jobapi.h
         Note: including file:    C:\Program Files (x86)\Windows Kits\8.1\Include\um\wow64apiset.h
         Note: including file:    C:\Program Files (x86)\Windows Kits\8.1\Include\um\libloaderapi.h
         Note: including file:    C:\Program Files (x86)\Windows Kits\8.1\Include\um\securitybaseapi.h
         Note: including file:    C:\Program Files (x86)\Windows Kits\8.1\Include\um\namespaceapi.h
         Note: including file:    C:\Program Files (x86)\Windows Kits\8.1\Include\um\systemtopologyapi.h
         Note: including file:    C:\Program Files (x86)\Windows Kits\8.1\Include\um\processtopologyapi.h
         Note: including file:    C:\Program Files (x86)\Windows Kits\8.1\Include\um\securityappcontainer.h
         Note: including file:    C:\Program Files (x86)\Windows Kits\8.1\Include\um\realtimeapiset.h
         Note: including file:    C:\Program Files (x86)\Windows Kits\8.1\Include\shared\winerror.h
         Note: including file:    C:\Program Files (x86)\Windows Kits\8.1\Include\um\timezoneapi.h
         Note: including file:   C:\Program Files (x86)\Windows Kits\8.1\Include\um\wingdi.h
         Note: including file:    C:\Program Files (x86)\Windows Kits\8.1\Include\shared\pshpack1.h
         Note: including file:    C:\Program Files (x86)\Windows Kits\8.1\Include\shared\poppack.h
         Note: including file:    C:\Program Files (x86)\Windows Kits\8.1\Include\shared\pshpack2.h
         Note: including file:    C:\Program Files (x86)\Windows Kits\8.1\Include\shared\poppack.h
         Note: including file:    C:\Program Files (x86)\Windows Kits\8.1\Include\shared\pshpack2.h
         Note: including file:    C:\Program Files (x86)\Windows Kits\8.1\Include\shared\poppack.h
         Note: including file:    C:\Program Files (x86)\Windows Kits\8.1\Include\shared\pshpack4.h
         Note: including file:    C:\Program Files (x86)\Windows Kits\8.1\Include\shared\poppack.h
         Note: including file:    C:\Program Files (x86)\Windows Kits\8.1\Include\shared\pshpack4.h
         Note: including file:    C:\Program Files (x86)\Windows Kits\8.1\Include\shared\poppack.h
         Note: including file:   C:\Program Files (x86)\Windows Kits\8.1\Include\um\winuser.h
         Note: including file:    C:\Program Files (x86)\Windows Kits\8.1\Include\shared\pshpack2.h
         Note: including file:    C:\Program Files (x86)\Windows Kits\8.1\Include\shared\poppack.h
         Note: including file:    C:\Program Files (x86)\Windows Kits\8.1\Include\shared\tvout.h
         Note: including file:   C:\Program Files (x86)\Windows Kits\8.1\Include\um\winnls.h
         Note: including file:    C:\Program Files (x86)\Windows Kits\8.1\Include\um\datetimeapi.h
         Note: including file:    C:\Program Files (x86)\Windows Kits\8.1\Include\um\stringapiset.h
         Note: including file:     C:\Program Files (x86)\Windows Kits\8.1\Include\um\winnls.h
         Note: including file:   C:\Program Files (x86)\Windows Kits\8.1\Include\um\wincon.h
         Note: including file:    C:\Program Files (x86)\Windows Kits\8.1\Include\um\consoleapi.h
         Note: including file:   C:\Program Files (x86)\Windows Kits\8.1\Include\um\winver.h
         Note: including file:    C:\Program Files (x86)\Windows Kits\8.1\Include\um\verrsrc.h
         Note: including file:   C:\Program Files (x86)\Windows Kits\8.1\Include\um\winreg.h
         Note: including file:    C:\Program Files (x86)\Windows Kits\8.1\Include\um\reason.h
         Note: including file:   C:\Program Files (x86)\Windows Kits\8.1\Include\um\winnetwk.h
         Note: including file:    C:\Program Files (x86)\Windows Kits\8.1\Include\shared\wnnc.h
         Note: including file:   C:\Program Files (x86)\Windows Kits\8.1\Include\shared\cderr.h
         Note: including file:   C:\Program Files (x86)\Windows Kits\8.1\Include\um\dde.h
         Note: including file:   C:\Program Files (x86)\Windows Kits\8.1\Include\um\ddeml.h
         Note: including file:   C:\Program Files (x86)\Windows Kits\8.1\Include\um\dlgs.h
         Note: including file:   C:\Program Files (x86)\Windows Kits\8.1\Include\um\lzexpand.h
         Note: including file:   C:\Program Files (x86)\Windows Kits\8.1\Include\um\mmsystem.h
         Note: including file:    C:\Program Files (x86)\Windows Kits\8.1\Include\um\mmsyscom.h
         Note: including file:     C:\Program Files (x86)\Windows Kits\8.1\Include\shared\pshpack1.h
         Note: including file:     C:\Program Files (x86)\Windows Kits\8.1\Include\shared\poppack.h
         Note: including file:    C:\Program Files (x86)\Windows Kits\8.1\Include\shared\pshpack1.h
         Note: including file:    C:\Program Files (x86)\Windows Kits\8.1\Include\um\mciapi.h
         Note: including file:     C:\Program Files (x86)\Windows Kits\8.1\Include\um\mmsyscom.h
         Note: including file:    C:\Program Files (x86)\Windows Kits\8.1\Include\um\mmiscapi.h
         Note: including file:     C:\Program Files (x86)\Windows Kits\8.1\Include\um\mmsyscom.h
         Note: including file:    C:\Program Files (x86)\Windows Kits\8.1\Include\um\mmiscapi2.h
         Note: including file:     C:\Program Files (x86)\Windows Kits\8.1\Include\um\mmsyscom.h
         Note: including file:    C:\Program Files (x86)\Windows Kits\8.1\Include\um\playsoundapi.h
         Note: including file:     C:\Program Files (x86)\Windows Kits\8.1\Include\um\mmsyscom.h
         Note: including file:    C:\Program Files (x86)\Windows Kits\8.1\Include\um\mmeapi.h
         Note: including file:     C:\Program Files (x86)\Windows Kits\8.1\Include\um\mmsyscom.h
         Note: including file:    C:\Program Files (x86)\Windows Kits\8.1\Include\um\timeapi.h
         Note: including file:     C:\Program Files (x86)\Windows Kits\8.1\Include\um\mmsyscom.h
         Note: including file:    C:\Program Files (x86)\Windows Kits\8.1\Include\um\joystickapi.h
         Note: including file:     C:\Program Files (x86)\Windows Kits\8.1\Include\um\mmsyscom.h
         Note: including file:    C:\Program Files (x86)\Windows Kits\8.1\Include\shared\poppack.h
         Note: including file:   C:\Program Files (x86)\Windows Kits\8.1\Include\um\nb30.h
         Note: including file:   C:\Program Files (x86)\Windows Kits\8.1\Include\shared\rpc.h
         Note: including file:    C:\Program Files (x86)\Windows Kits\8.1\Include\shared\rpcdce.h
         Note: including file:     C:\Program Files (x86)\Windows Kits\8.1\Include\shared\rpcdcep.h
         Note: including file:    C:\Program Files (x86)\Windows Kits\8.1\Include\um\rpcnsi.h
         Note: including file:    C:\Program Files (x86)\Windows Kits\8.1\Include\shared\rpcnterr.h
         Note: including file:    C:\Program Files (x86)\Windows Kits\8.1\Include\shared\rpcasync.h
         Note: including file:   C:\Program Files (x86)\Windows Kits\8.1\Include\um\shellapi.h
         Note: including file:    C:\Program Files (x86)\Windows Kits\8.1\Include\shared\pshpack1.h
         Note: including file:    C:\Program Files (x86)\Windows Kits\8.1\Include\shared\poppack.h
         Note: including file:   C:\Program Files (x86)\Windows Kits\8.1\Include\um\winperf.h
         Note: including file:    C:\Program Files (x86)\Windows Kits\8.1\Include\shared\pshpack8.h
         Note: including file:    C:\Program Files (x86)\Windows Kits\8.1\Include\shared\poppack.h
         Note: including file:   C:\Program Files (x86)\Windows Kits\8.1\Include\um\winsock.h
         Note: including file:    C:\Program Files (x86)\Windows Kits\8.1\Include\shared\inaddr.h
         Note: including file:   C:\Program Files (x86)\Windows Kits\8.1\Include\um\wincrypt.h
         Note: including file:    C:\Program Files (x86)\Windows Kits\8.1\Include\shared\bcrypt.h
         Note: including file:    C:\Program Files (x86)\Windows Kits\8.1\Include\um\ncrypt.h
         Note: including file:    C:\Program Files (x86)\Windows Kits\8.1\Include\um\dpapi.h
         Note: including file:   C:\Program Files (x86)\Windows Kits\8.1\Include\um\winefs.h
         Note: including file:   C:\Program Files (x86)\Windows Kits\8.1\Include\um\winscard.h
         Note: including file:    C:\Program Files (x86)\Windows Kits\8.1\Include\shared\wtypes.h
         Note: including file:     c:\program files (x86)\windows kits\8.1\include\shared\rpcndr.h
         Note: including file:      C:\Program Files (x86)\Windows Kits\8.1\Include\shared\pshpack8.h
         Note: including file:      C:\Program Files (x86)\Windows Kits\8.1\Include\um\rpcnsip.h
         Note: including file:      C:\Program Files (x86)\Windows Kits\8.1\Include\shared\rpcsal.h
         Note: including file:      C:\Program Files (x86)\Windows Kits\8.1\Include\shared\poppack.h
         Note: including file:     c:\program files (x86)\windows kits\8.1\include\shared\wtypesbase.h
         Note: including file:      c:\program files (x86)\windows kits\8.1\include\shared\guiddef.h
         Note: including file:    C:\Program Files (x86)\Windows Kits\8.1\Include\um\winioctl.h
         Note: including file:     C:\Program Files (x86)\Windows Kits\8.1\Include\shared\pshpack1.h
         Note: including file:     C:\Program Files (x86)\Windows Kits\8.1\Include\shared\poppack.h
         Note: including file:     C:\Program Files (x86)\Windows Kits\8.1\Include\shared\pshpack1.h
         Note: including file:     C:\Program Files (x86)\Windows Kits\8.1\Include\shared\poppack.h
         Note: including file:     C:\Program Files (x86)\Windows Kits\8.1\Include\shared\pshpack1.h
         Note: including file:     C:\Program Files (x86)\Windows Kits\8.1\Include\shared\poppack.h
         Note: including file:     C:\Program Files (x86)\Windows Kits\8.1\Include\shared\pshpack1.h
         Note: including file:     C:\Program Files (x86)\Windows Kits\8.1\Include\shared\poppack.h
         Note: including file:     C:\Program Files (x86)\Windows Kits\8.1\Include\shared\pshpack1.h
         Note: including file:     C:\Program Files (x86)\Windows Kits\8.1\Include\shared\poppack.h
         Note: including file:     C:\Program Files (x86)\Windows Kits\8.1\Include\shared\pshpack1.h
         Note: including file:     C:\Program Files (x86)\Windows Kits\8.1\Include\shared\poppack.h
         Note: including file:     C:\Program Files (x86)\Windows Kits\8.1\Include\shared\pshpack1.h
         Note: including file:     C:\Program Files (x86)\Windows Kits\8.1\Include\shared\poppack.h
         Note: including file:    C:\Program Files (x86)\Windows Kits\8.1\Include\shared\winsmcrd.h
         Note: including file:   C:\Program Files (x86)\Windows Kits\8.1\Include\um\winspool.h
         Note: including file:    C:\Program Files (x86)\Windows Kits\8.1\Include\um\prsht.h
         Note: including file:     C:\Program Files (x86)\Windows Kits\8.1\Include\shared\pshpack4.h
         Note: including file:     C:\Program Files (x86)\Windows Kits\8.1\Include\shared\poppack.h
         Note: including file:   C:\Program Files (x86)\Windows Kits\8.1\Include\um\ole2.h
         Note: including file:    C:\Program Files (x86)\Windows Kits\8.1\Include\shared\pshpack8.h
         Note: including file:    C:\Program Files (x86)\Windows Kits\8.1\Include\um\objbase.h
         Note: including file:     C:\Program Files (x86)\Windows Kits\8.1\Include\shared\pshpack8.h
         Note: including file:     C:\Program Files (x86)\Windows Kits\8.1\Include\um\combaseapi.h
         Note: including file:      C:\Program Files (x86)\Windows Kits\8.1\Include\shared\pshpack8.h
         Note: including file:      C:\Program Files (x86)\Microsoft Visual Studio 12.0\VC\include\stdlib.h
         Note: including file:       C:\Program Files (x86)\Microsoft Visual Studio 12.0\VC\include\crtdefs.h
         Note: including file:       C:\Program Files (x86)\Microsoft Visual Studio 12.0\VC\include\limits.h
         Note: including file:        C:\Program Files (x86)\Microsoft Visual Studio 12.0\VC\include\crtdefs.h
         Note: including file:      C:\Program Files (x86)\Windows Kits\8.1\Include\um\unknwnbase.h
         Note: including file:      C:\Program Files (x86)\Windows Kits\8.1\Include\um\objidlbase.h
         Note: including file:      C:\Program Files (x86)\Windows Kits\8.1\Include\shared\guiddef.h
         Note: including file:      C:\Program Files (x86)\Windows Kits\8.1\Include\um\cguid.h
         Note: including file:      C:\Program Files (x86)\Windows Kits\8.1\Include\shared\poppack.h
         Note: including file:     C:\Program Files (x86)\Windows Kits\8.1\Include\um\objidl.h
         Note: including file:      c:\program files (x86)\windows kits\8.1\include\um\unknwn.h
         Note: including file:     C:\Program Files (x86)\Windows Kits\8.1\Include\um\urlmon.h
         Note: including file:      c:\program files (x86)\windows kits\8.1\include\um\oleidl.h
         Note: including file:      c:\program files (x86)\windows kits\8.1\include\um\servprov.h
         Note: including file:      c:\program files (x86)\windows kits\8.1\include\um\msxml.h
         Note: including file:       c:\program files (x86)\windows kits\8.1\include\um\oaidl.h
         Note: including file:     C:\Program Files (x86)\Windows Kits\8.1\Include\um\propidl.h
         Note: including file:     C:\Program Files (x86)\Windows Kits\8.1\Include\shared\poppack.h
         Note: including file:    C:\Program Files (x86)\Windows Kits\8.1\Include\um\oleauto.h
         Note: including file:     C:\Program Files (x86)\Windows Kits\8.1\Include\shared\pshpack8.h
         Note: including file:     C:\Program Files (x86)\Windows Kits\8.1\Include\shared\poppack.h
         Note: including file:    C:\Program Files (x86)\Windows Kits\8.1\Include\shared\poppack.h
         Note: including file:   C:\Program Files (x86)\Windows Kits\8.1\Include\um\commdlg.h
         Note: including file:    C:\Program Files (x86)\Windows Kits\8.1\Include\um\prsht.h
         Note: including file:    C:\Program Files (x86)\Windows Kits\8.1\Include\shared\pshpack1.h
         Note: including file:    C:\Program Files (x86)\Windows Kits\8.1\Include\shared\poppack.h
         Note: including file:   C:\Program Files (x86)\Windows Kits\8.1\Include\shared\stralign.h
         Note: including file:   C:\Program Files (x86)\Windows Kits\8.1\Include\um\winsvc.h
         Note: including file:   C:\Program Files (x86)\Windows Kits\8.1\Include\um\mcx.h
         Note: including file:   C:\Program Files (x86)\Windows Kits\8.1\Include\um\imm.h
         Note: including file:    C:\Program Files (x86)\Windows Kits\8.1\Include\um\ime_cmodes.h
         Note: including file: c:\users\usuario\documents\github\game-development\classe_2\motor2d\j1Window.h
         Note: including file:  c:\users\usuario\documents\github\game-development\classe_2\motor2d\j1Module.h
         Note: including file:   c:\users\usuario\documents\github\game-development\classe_2\motor2d\p2SString.h
         Note: including file:    C:\Program Files (x86)\Microsoft Visual Studio 12.0\VC\include\assert.h
         Note: including file:     C:\Program Files (x86)\Microsoft Visual Studio 12.0\VC\include\crtdefs.h
         Note: including file:   c:\users\usuario\documents\github\game-development\classe_2\motor2d\PugiXml\src\pugixml.hpp
         Note: including file:    c:\users\usuario\documents\github\game-development\classe_2\motor2d\pugixml\src\pugiconfig.hpp
         Note: including file:    C:\Program Files (x86)\Microsoft Visual Studio 12.0\VC\include\stddef.h
         Note: including file:     C:\Program Files (x86)\Microsoft Visual Studio 12.0\VC\include\crtdefs.h
         Note: including file:    C:\Program Files (x86)\Microsoft Visual Studio 12.0\VC\include\exception
         Note: including file:     C:\Program Files (x86)\Microsoft Visual Studio 12.0\VC\include\xstddef
         Note: including file:      C:\Program Files (x86)\Microsoft Visual Studio 12.0\VC\include\cstddef
         Note: including file:       C:\Program Files (x86)\Microsoft Visual Studio 12.0\VC\include\yvals.h
         Note: including file:        C:\Program Files (x86)\Microsoft Visual Studio 12.0\VC\include\xkeycheck.h
         Note: including file:        C:\Program Files (x86)\Microsoft Visual Studio 12.0\VC\include\crtdefs.h
         Note: including file:        C:\Program Files (x86)\Microsoft Visual Studio 12.0\VC\include\use_ansi.h
         Note: including file:      C:\Program Files (x86)\Microsoft Visual Studio 12.0\VC\include\initializer_list
         Note: including file:      C:\Program Files (x86)\Microsoft Visual Studio 12.0\VC\include\xtr1common
         Note: including file:     C:\Program Files (x86)\Microsoft Visual Studio 12.0\VC\include\eh.h
         Note: including file:      C:\Program Files (x86)\Microsoft Visual Studio 12.0\VC\include\crtdefs.h
         Note: including file:     C:\Program Files (x86)\Microsoft Visual Studio 12.0\VC\include\malloc.h
         Note: including file:      C:\Program Files (x86)\Microsoft Visual Studio 12.0\VC\include\crtdefs.h
         Note: including file:    C:\Program Files (x86)\Microsoft Visual Studio 12.0\VC\include\iterator
         Note: including file:     C:\Program Files (x86)\Microsoft Visual Studio 12.0\VC\include\istream
         Note: including file:      C:\Program Files (x86)\Microsoft Visual Studio 12.0\VC\include\ostream
         Note: including file:       C:\Program Files (x86)\Microsoft Visual Studio 12.0\VC\include\ios
         Note: including file:        C:\Program Files (x86)\Microsoft Visual Studio 12.0\VC\include\xlocnum
         Note: including file:         C:\Program Files (x86)\Microsoft Visual Studio 12.0\VC\include\climits
         Note: including file:         C:\Program Files (x86)\Microsoft Visual Studio 12.0\VC\include\cmath
         Note: including file:          C:\Program Files (x86)\Microsoft Visual Studio 12.0\VC\include\math.h
         Note: including file:           C:\Program Files (x86)\Microsoft Visual Studio 12.0\VC\include\crtdefs.h
         Note: including file:          C:\Program Files (x86)\Microsoft Visual Studio 12.0\VC\include\xtgmath.h
         Note: including file:         C:\Program Files (x86)\Microsoft Visual Studio 12.0\VC\include\cstdio
         Note: including file:         C:\Program Files (x86)\Microsoft Visual Studio 12.0\VC\include\cstdlib
         Note: including file:         C:\Program Files (x86)\Microsoft Visual Studio 12.0\VC\include\streambuf
         Note: including file:          C:\Program Files (x86)\Microsoft Visual Studio 12.0\VC\include\xiosbase
         Note: including file:           C:\Program Files (x86)\Microsoft Visual Studio 12.0\VC\include\xlocale
         Note: including file:            C:\Program Files (x86)\Microsoft Visual Studio 12.0\VC\include\cstring
         Note: including file:            C:\Program Files (x86)\Microsoft Visual Studio 12.0\VC\include\stdexcept
         Note: including file:             C:\Program Files (x86)\Microsoft Visual Studio 12.0\VC\include\xstring
         Note: including file:              C:\Program Files (x86)\Microsoft Visual Studio 12.0\VC\include\xmemory0
         Note: including file:               C:\Program Files (x86)\Microsoft Visual Studio 12.0\VC\include\limits
         Note: including file:                C:\Program Files (x86)\Microsoft Visual Studio 12.0\VC\include\ymath.h
         Note: including file:                C:\Program Files (x86)\Microsoft Visual Studio 12.0\VC\include\cfloat
         Note: including file:                 C:\Program Files (x86)\Microsoft Visual Studio 12.0\VC\include\float.h
         Note: including file:                  C:\Program Files (x86)\Microsoft Visual Studio 12.0\VC\include\crtdefs.h
         Note: including file:                  C:\Program Files (x86)\Microsoft Visual Studio 12.0\VC\include\crtwrn.h
         Note: including file:                   C:\Program Files (x86)\Microsoft Visual Studio 12.0\VC\include\crtdefs.h
         Note: including file:                C:\Program Files (x86)\Microsoft Visual Studio 12.0\VC\include\cwchar
         Note: including file:                 C:\Program Files (x86)\Microsoft Visual Studio 12.0\VC\include\wchar.h
         Note: including file:                  C:\Program Files (x86)\Microsoft Visual Studio 12.0\VC\include\crtdefs.h
         Note: including file:                  C:\Program Files (x86)\Microsoft Visual Studio 12.0\VC\include\wtime.inl
         Note: including file:               C:\Program Files (x86)\Microsoft Visual Studio 12.0\VC\include\new
         Note: including file:               C:\Program Files (x86)\Microsoft Visual Studio 12.0\VC\include\xutility
         Note: including file:                C:\Program Files (x86)\Microsoft Visual Studio 12.0\VC\include\utility
         Note: including file:                 C:\Program Files (x86)\Microsoft Visual Studio 12.0\VC\include\iosfwd
         Note: including file:                  C:\Program Files (x86)\Microsoft Visual Studio 12.0\VC\include\crtdbg.h
         Note: including file:                   C:\Program Files (x86)\Microsoft Visual Studio 12.0\VC\include\crtdefs.h
         Note: including file:                 C:\Program Files (x86)\Microsoft Visual Studio 12.0\VC\include\type_traits
         Note: including file:                  C:\Program Files (x86)\Microsoft Visual Studio 12.0\VC\include\xrefwrap
         Note: including file:               C:\Program Files (x86)\Microsoft Visual Studio 12.0\VC\include\xatomic0.h
         Note: including file:               C:\Program Files (x86)\Microsoft Visual Studio 12.0\VC\include\intrin.h
         Note: including file:                C:\Program Files (x86)\Microsoft Visual Studio 12.0\VC\include\crtdefs.h
         Note: including file:                C:\Program Files (x86)\Microsoft Visual Studio 12.0\VC\include\setjmp.h
         Note: including file:                 C:\Program Files (x86)\Microsoft Visual Studio 12.0\VC\include\crtdefs.h
         Note: including file:                C:\Program Files (x86)\Microsoft Visual Studio 12.0\VC\include\immintrin.h
         Note: including file:                 C:\Program Files (x86)\Microsoft Visual Studio 12.0\VC\include\wmmintrin.h
         Note: including file:                  C:\Program Files (x86)\Microsoft Visual Studio 12.0\VC\include\nmmintrin.h
         Note: including file:                   C:\Program Files (x86)\Microsoft Visual Studio 12.0\VC\include\smmintrin.h
         Note: including file:                    C:\Program Files (x86)\Microsoft Visual Studio 12.0\VC\include\tmmintrin.h
         Note: including file:                     C:\Program Files (x86)\Microsoft Visual Studio 12.0\VC\include\pmmintrin.h
         Note: including file:                      C:\Program Files (x86)\Microsoft Visual Studio 12.0\VC\include\emmintrin.h
         Note: including file:                       C:\Program Files (x86)\Microsoft Visual Studio 12.0\VC\include\xmmintrin.h
         Note: including file:                        C:\Program Files (x86)\Microsoft Visual Studio 12.0\VC\include\mmintrin.h
         Note: including file:                         C:\Program Files (x86)\Microsoft Visual Studio 12.0\VC\include\crtdefs.h
         Note: including file:                C:\Program Files (x86)\Microsoft Visual Studio 12.0\VC\include\ammintrin.h
         Note: including file:                C:\Program Files (x86)\Microsoft Visual Studio 12.0\VC\include\mm3dnow.h
         Note: including file:                 C:\Program Files (x86)\Microsoft Visual Studio 12.0\VC\include\crtdefs.h
         Note: including file:            C:\Program Files (x86)\Microsoft Visual Studio 12.0\VC\include\typeinfo
         Note: including file:            C:\Program Files (x86)\Microsoft Visual Studio 12.0\VC\include\xlocinfo
         Note: including file:             C:\Program Files (x86)\Microsoft Visual Studio 12.0\VC\include\xlocinfo.h
         Note: including file:              C:\Program Files (x86)\Microsoft Visual Studio 12.0\VC\include\locale.h
         Note: including file:               C:\Program Files (x86)\Microsoft Visual Studio 12.0\VC\include\crtdefs.h
         Note: including file:            C:\Program Files (x86)\Microsoft Visual Studio 12.0\VC\include\xdebug
         Note: including file:            C:\Program Files (x86)\Microsoft Visual Studio 12.0\VC\include\xfacet
         Note: including file:           C:\Program Files (x86)\Microsoft Visual Studio 12.0\VC\include\system_error
         Note: including file:            C:\Program Files (x86)\Microsoft Visual Studio 12.0\VC\include\cerrno
         Note: including file:             C:\Program Files (x86)\Microsoft Visual Studio 12.0\VC\include\errno.h
         Note: including file:              C:\Program Files (x86)\Microsoft Visual Studio 12.0\VC\include\crtdefs.h
         Note: including file:           C:\Program Files (x86)\Microsoft Visual Studio 12.0\VC\include\share.h
         Note: including file:    C:\Program Files (x86)\Microsoft Visual Studio 12.0\VC\include\string
         Note: including file: c:\users\usuario\documents\github\game-development\classe_2\motor2d\j1Input.h
         Note: including file: c:\users\usuario\documents\github\game-development\classe_2\motor2d\j1Render.h
         Note: including file:  c:\users\usuario\documents\github\game-development\classe_2\motor2d\SDL/include/SDL.h
         Note: including file:   c:\users\usuario\documents\github\game-development\classe_2\motor2d\sdl\include\SDL_main.h
         Note: including file:    c:\users\usuario\documents\github\game-development\classe_2\motor2d\sdl\include\SDL_stdinc.h
         Note: including file:     c:\users\usuario\documents\github\game-development\classe_2\motor2d\sdl\include\SDL_config.h
         Note: including file:      c:\users\usuario\documents\github\game-development\classe_2\motor2d\sdl\include\SDL_platform.h
         Note: including file:       c:\users\usuario\documents\github\game-development\classe_2\motor2d\sdl\include\begin_code.h
         Note: including file:       c:\users\usuario\documents\github\game-development\classe_2\motor2d\sdl\include\close_code.h
         Note: including file:     c:\users\usuario\documents\github\game-development\classe_2\motor2d\sdl\include\begin_code.h
         Note: including file:     c:\users\usuario\documents\github\game-development\classe_2\motor2d\sdl\include\close_code.h
         Note: including file:    c:\users\usuario\documents\github\game-development\classe_2\motor2d\sdl\include\begin_code.h
         Note: including file:    c:\users\usuario\documents\github\game-development\classe_2\motor2d\sdl\include\close_code.h
         Note: including file:   c:\users\usuario\documents\github\game-development\classe_2\motor2d\sdl\include\SDL_assert.h
         Note: including file:    c:\users\usuario\documents\github\game-development\classe_2\motor2d\sdl\include\begin_code.h
         Note: including file:    c:\users\usuario\documents\github\game-development\classe_2\motor2d\sdl\include\close_code.h
         Note: including file:   c:\users\usuario\documents\github\game-development\classe_2\motor2d\sdl\include\SDL_atomic.h
         Note: including file:    c:\users\usuario\documents\github\game-development\classe_2\motor2d\sdl\include\begin_code.h
         Note: including file:    c:\users\usuario\documents\github\game-development\classe_2\motor2d\sdl\include\close_code.h
         Note: including file:   c:\users\usuario\documents\github\game-development\classe_2\motor2d\sdl\include\SDL_audio.h
         Note: including file:    c:\users\usuario\documents\github\game-development\classe_2\motor2d\sdl\include\SDL_error.h
         Note: including file:     c:\users\usuario\documents\github\game-development\classe_2\motor2d\sdl\include\begin_code.h
         Note: including file:     c:\users\usuario\documents\github\game-development\classe_2\motor2d\sdl\include\close_code.h
         Note: including file:    c:\users\usuario\documents\github\game-development\classe_2\motor2d\sdl\include\SDL_endian.h
         Note: including file:     c:\users\usuario\documents\github\game-development\classe_2\motor2d\sdl\include\begin_code.h
         Note: including file:     c:\users\usuario\documents\github\game-development\classe_2\motor2d\sdl\include\close_code.h
         Note: including file:    c:\users\usuario\documents\github\game-development\classe_2\motor2d\sdl\include\SDL_mutex.h
         Note: including file:     c:\users\usuario\documents\github\game-development\classe_2\motor2d\sdl\include\begin_code.h
         Note: including file:     c:\users\usuario\documents\github\game-development\classe_2\motor2d\sdl\include\close_code.h
         Note: including file:    c:\users\usuario\documents\github\game-development\classe_2\motor2d\sdl\include\SDL_thread.h
         Note: including file:     c:\users\usuario\documents\github\game-development\classe_2\motor2d\sdl\include\begin_code.h
         Note: including file:     C:\Program Files (x86)\Microsoft Visual Studio 12.0\VC\include\process.h
         Note: including file:      C:\Program Files (x86)\Microsoft Visual Studio 12.0\VC\include\crtdefs.h
         Note: including file:     c:\users\usuario\documents\github\game-development\classe_2\motor2d\sdl\include\close_code.h
         Note: including file:    c:\users\usuario\documents\github\game-development\classe_2\motor2d\sdl\include\SDL_rwops.h
         Note: including file:     c:\users\usuario\documents\github\game-development\classe_2\motor2d\sdl\include\begin_code.h
         Note: including file:     c:\users\usuario\documents\github\game-development\classe_2\motor2d\sdl\include\close_code.h
         Note: including file:    c:\users\usuario\documents\github\game-development\classe_2\motor2d\sdl\include\begin_code.h
         Note: including file:    c:\users\usuario\documents\github\game-development\classe_2\motor2d\sdl\include\close_code.h
         Note: including file:   c:\users\usuario\documents\github\game-development\classe_2\motor2d\sdl\include\SDL_clipboard.h
         Note: including file:    c:\users\usuario\documents\github\game-development\classe_2\motor2d\sdl\include\begin_code.h
         Note: including file:    c:\users\usuario\documents\github\game-development\classe_2\motor2d\sdl\include\close_code.h
         Note: including file:   c:\users\usuario\documents\github\game-development\classe_2\motor2d\sdl\include\SDL_cpuinfo.h
         Note: including file:    c:\users\usuario\documents\github\game-development\classe_2\motor2d\sdl\include\begin_code.h
         Note: including file:    c:\users\usuario\documents\github\game-development\classe_2\motor2d\sdl\include\close_code.h
         Note: including file:   c:\users\usuario\documents\github\game-development\classe_2\motor2d\sdl\include\SDL_events.h
         Note: including file:    c:\users\usuario\documents\github\game-development\classe_2\motor2d\sdl\include\SDL_video.h
         Note: including file:     c:\users\usuario\documents\github\game-development\classe_2\motor2d\sdl\include\SDL_pixels.h
         Note: including file:      c:\users\usuario\documents\github\game-development\classe_2\motor2d\sdl\include\begin_code.h
         Note: including file:      c:\users\usuario\documents\github\game-development\classe_2\motor2d\sdl\include\close_code.h
         Note: including file:     c:\users\usuario\documents\github\game-development\classe_2\motor2d\sdl\include\SDL_rect.h
         Note: including file:      c:\users\usuario\documents\github\game-development\classe_2\motor2d\sdl\include\begin_code.h
         Note: including file:      c:\users\usuario\documents\github\game-development\classe_2\motor2d\sdl\include\close_code.h
         Note: including file:     c:\users\usuario\documents\github\game-development\classe_2\motor2d\sdl\include\SDL_surface.h
         Note: including file:      c:\users\usuario\documents\github\game-development\classe_2\motor2d\sdl\include\SDL_blendmode.h
         Note: including file:       c:\users\usuario\documents\github\game-development\classe_2\motor2d\sdl\include\begin_code.h
         Note: including file:       c:\users\usuario\documents\github\game-development\classe_2\motor2d\sdl\include\close_code.h
         Note: including file:      c:\users\usuario\documents\github\game-development\classe_2\motor2d\sdl\include\begin_code.h
         Note: including file:      c:\users\usuario\documents\github\game-development\classe_2\motor2d\sdl\include\close_code.h
         Note: including file:     c:\users\usuario\documents\github\game-development\classe_2\motor2d\sdl\include\begin_code.h
         Note: including file:     c:\users\usuario\documents\github\game-development\classe_2\motor2d\sdl\include\close_code.h
         Note: including file:    c:\users\usuario\documents\github\game-development\classe_2\motor2d\sdl\include\SDL_keyboard.h
         Note: including file:     c:\users\usuario\documents\github\game-development\classe_2\motor2d\sdl\include\SDL_keycode.h
         Note: including file:      c:\users\usuario\documents\github\game-development\classe_2\motor2d\sdl\include\SDL_scancode.h
         Note: including file:     c:\users\usuario\documents\github\game-development\classe_2\motor2d\sdl\include\begin_code.h
         Note: including file:     c:\users\usuario\documents\github\game-development\classe_2\motor2d\sdl\include\close_code.h
         Note: including file:    c:\users\usuario\documents\github\game-development\classe_2\motor2d\sdl\include\SDL_mouse.h
         Note: including file:     c:\users\usuario\documents\github\game-development\classe_2\motor2d\sdl\include\begin_code.h
         Note: including file:     c:\users\usuario\documents\github\game-development\classe_2\motor2d\sdl\include\close_code.h
         Note: including file:    c:\users\usuario\documents\github\game-development\classe_2\motor2d\sdl\include\SDL_joystick.h
         Note: including file:     c:\users\usuario\documents\github\game-development\classe_2\motor2d\sdl\include\begin_code.h
         Note: including file:     c:\users\usuario\documents\github\game-development\classe_2\motor2d\sdl\include\close_code.h
         Note: including file:    c:\users\usuario\documents\github\game-development\classe_2\motor2d\sdl\include\SDL_gamecontroller.h
         Note: including file:     c:\users\usuario\documents\github\game-development\classe_2\motor2d\sdl\include\begin_code.h
         Note: including file:     c:\users\usuario\documents\github\game-development\classe_2\motor2d\sdl\include\close_code.h
         Note: including file:    c:\users\usuario\documents\github\game-development\classe_2\motor2d\sdl\include\SDL_quit.h
         Note: including file:    c:\users\usuario\documents\github\game-development\classe_2\motor2d\sdl\include\SDL_gesture.h
         Note: including file:     c:\users\usuario\documents\github\game-development\classe_2\motor2d\sdl\include\SDL_touch.h
         Note: including file:      c:\users\usuario\documents\github\game-development\classe_2\motor2d\sdl\include\begin_code.h
         Note: including file:      c:\users\usuario\documents\github\game-development\classe_2\motor2d\sdl\include\close_code.h
         Note: including file:     c:\users\usuario\documents\github\game-development\classe_2\motor2d\sdl\include\begin_code.h
         Note: including file:     c:\users\usuario\documents\github\game-development\classe_2\motor2d\sdl\include\close_code.h
         Note: including file:    c:\users\usuario\documents\github\game-development\classe_2\motor2d\sdl\include\begin_code.h
         Note: including file:    c:\users\usuario\documents\github\game-development\classe_2\motor2d\sdl\include\close_code.h
         Note: including file:   c:\users\usuario\documents\github\game-development\classe_2\motor2d\sdl\include\SDL_filesystem.h
         Note: including file:    c:\users\usuario\documents\github\game-development\classe_2\motor2d\sdl\include\begin_code.h
         Note: including file:    c:\users\usuario\documents\github\game-development\classe_2\motor2d\sdl\include\close_code.h
         Note: including file:   c:\users\usuario\documents\github\game-development\classe_2\motor2d\sdl\include\SDL_haptic.h
         Note: including file:    c:\users\usuario\documents\github\game-development\classe_2\motor2d\sdl\include\begin_code.h
         Note: including file:    c:\users\usuario\documents\github\game-development\classe_2\motor2d\sdl\include\close_code.h
         Note: including file:   c:\users\usuario\documents\github\game-development\classe_2\motor2d\sdl\include\SDL_hints.h
         Note: including file:    c:\users\usuario\documents\github\game-development\classe_2\motor2d\sdl\include\begin_code.h
         Note: including file:    c:\users\usuario\documents\github\game-development\classe_2\motor2d\sdl\include\close_code.h
         Note: including file:   c:\users\usuario\documents\github\game-development\classe_2\motor2d\sdl\include\SDL_loadso.h
         Note: including file:    c:\users\usuario\documents\github\game-development\classe_2\motor2d\sdl\include\begin_code.h
         Note: including file:    c:\users\usuario\documents\github\game-development\classe_2\motor2d\sdl\include\close_code.h
         Note: including file:   c:\users\usuario\documents\github\game-development\classe_2\motor2d\sdl\include\SDL_log.h
         Note: including file:    c:\users\usuario\documents\github\game-development\classe_2\motor2d\sdl\include\begin_code.h
         Note: including file:    c:\users\usuario\documents\github\game-development\classe_2\motor2d\sdl\include\close_code.h
         Note: including file:   c:\users\usuario\documents\github\game-development\classe_2\motor2d\sdl\include\SDL_messagebox.h
         Note: including file:    c:\users\usuario\documents\github\game-development\classe_2\motor2d\sdl\include\begin_code.h
         Note: including file:    c:\users\usuario\documents\github\game-development\classe_2\motor2d\sdl\include\close_code.h
         Note: including file:   c:\users\usuario\documents\github\game-development\classe_2\motor2d\sdl\include\SDL_power.h
         Note: including file:    c:\users\usuario\documents\github\game-development\classe_2\motor2d\sdl\include\begin_code.h
         Note: including file:    c:\users\usuario\documents\github\game-development\classe_2\motor2d\sdl\include\close_code.h
         Note: including file:   c:\users\usuario\documents\github\game-development\classe_2\motor2d\sdl\include\SDL_render.h
         Note: including file:    c:\users\usuario\documents\github\game-development\classe_2\motor2d\sdl\include\begin_code.h
         Note: including file:    c:\users\usuario\documents\github\game-development\classe_2\motor2d\sdl\include\close_code.h
         Note: including file:   c:\users\usuario\documents\github\game-development\classe_2\motor2d\sdl\include\SDL_system.h
         Note: including file:    c:\users\usuario\documents\github\game-development\classe_2\motor2d\sdl\include\begin_code.h
         Note: including file:    c:\users\usuario\documents\github\game-development\classe_2\motor2d\sdl\include\close_code.h
         Note: including file:   c:\users\usuario\documents\github\game-development\classe_2\motor2d\sdl\include\SDL_timer.h
         Note: including file:    c:\users\usuario\documents\github\game-development\classe_2\motor2d\sdl\include\begin_code.h
         Note: including file:    c:\users\usuario\documents\github\game-development\classe_2\motor2d\sdl\include\close_code.h
         Note: including file:   c:\users\usuario\documents\github\game-development\classe_2\motor2d\sdl\include\SDL_version.h
         Note: including file:    c:\users\usuario\documents\github\game-development\classe_2\motor2d\sdl\include\begin_code.h
         Note: including file:    c:\users\usuario\documents\github\game-development\classe_2\motor2d\sdl\include\close_code.h
         Note: including file:   c:\users\usuario\documents\github\game-development\classe_2\motor2d\sdl\include\begin_code.h
         Note: including file:   c:\users\usuario\documents\github\game-development\classe_2\motor2d\sdl\include\close_code.h
         Note: including file:  c:\users\usuario\documents\github\game-development\classe_2\motor2d\p2Point.h
         Note: including file:   C:\Program Files (x86)\Microsoft Visual Studio 12.0\VC\include\math.h
         Note: including file: c:\users\usuario\documents\github\game-development\classe_2\motor2d\j1Textures.h
         Note: including file:  c:\users\usuario\documents\github\game-development\classe_2\motor2d\p2List.h
         Note: including file: c:\users\usuario\documents\github\game-development\classe_2\motor2d\j1Audio.h
         Note: including file: c:\users\usuario\documents\github\game-development\classe_2\motor2d\j1Scene.h
         Note: including file: c:\users\usuario\documents\github\game-development\classe_2\motor2d\j1FileSystem.h
         Note: including file: c:\users\usuario\documents\github\game-development\classe_2\motor2d\j1App.h
         Note: including file:  c:\users\usuario\documents\github\game-development\classe_2\motor2d\PugiXml\src\pugixml.hpp
       Link:
         C:\Program Files (x86)\Microsoft Visual Studio 12.0\VC\bin\link.exe /ERRORREPORT:PROMPT /OUT:"C:\Users\Usuario\Documents\GitHub\Game-Development\classe_2\Debug\Motor 2D.exe" /INCREMENTAL /NOLOGO kernel32.lib user32.lib gdi32.lib winspool.lib comdlg32.lib advapi32.lib shell32.lib ole32.lib oleaut32.lib uuid.lib odbc32.lib odbccp32.lib kernel32.lib user32.lib gdi32.lib winspool.lib comdlg32.lib advapi32.lib shell32.lib ole32.lib oleaut32.lib uuid.lib odbc32.lib odbccp32.lib /MANIFEST /MANIFESTUAC:"level='asInvoker' uiAccess='false'" /manifest:embed /DEBUG /PDB:"C:\Users\Usuario\Documents\GitHub\Game-Development\classe_2\Debug\Motor 2D.pdb" /SUBSYSTEM:WINDOWS /TLBID:1 /DYNAMICBASE /NXCOMPAT /IMPLIB:"C:\Users\Usuario\Documents\GitHub\Game-Development\classe_2\Debug\Motor 2D.lib" /MACHINE:X86 Debug\j1FileSystem.obj
         Debug\j1Main.obj
         Debug\j1App.obj
         Debug\j1Audio.obj
         Debug\j1Input.obj
         Debug\j1Scene.obj
         Debug\p2Log.obj
         Debug\j1Render.obj
         Debug\j1Textures.obj
         Debug\j1Window.obj
         Debug\pugixml.obj
     1>LINK : fatal error LNK1104: cannot open file 'PhysFS/libx86/physfs.lib'
     1>Done Building Project "C:\Users\Usuario\Documents\GitHub\Game-Development\classe_2\Motor2D\Motor2D.vcxproj" (Build target(s)) -- FAILED.

Build FAILED.

Time Elapsed 00:00:01.01
