c:\upc\desenvolupament\development_class_3\motor2d\debug\vc120.pdb
c:\upc\desenvolupament\development_class_3\motor2d\debug\vc120.idb
c:\upc\desenvolupament\development_class_3\motor2d\debug\p2log.obj
c:\upc\desenvolupament\development_class_3\motor2d\debug\pugixml.obj
c:\upc\desenvolupament\development_class_3\motor2d\debug\j1filesystem.obj
c:\upc\desenvolupament\development_class_3\motor2d\debug\j1render.obj
c:\upc\desenvolupament\development_class_3\motor2d\debug\j1audio.obj
c:\upc\desenvolupament\development_class_3\motor2d\debug\j1input.obj
c:\upc\desenvolupament\development_class_3\motor2d\debug\j1main.obj
c:\upc\desenvolupament\development_class_3\motor2d\debug\j1scene.obj
c:\upc\desenvolupament\development_class_3\motor2d\debug\j1textures.obj
c:\upc\desenvolupament\development_class_3\motor2d\debug\j1window.obj
c:\upc\desenvolupament\development_class_3\motor2d\debug\j1app.obj
c:\upc\desenvolupament\development_class_3\debug\motor 2d.ilk
c:\upc\desenvolupament\development_class_3\debug\motor 2d.exe
c:\upc\desenvolupament\development_class_3\debug\motor 2d.pdb
c:\upc\desenvolupament\development_class_3\debug\motor 2d.lib
c:\upc\desenvolupament\development_class_3\debug\motor 2d.exp
c:\upc\desenvolupament\development_class_3\motor2d\debug\motor 2d.tlog\cl.command.1.tlog
c:\upc\desenvolupament\development_class_3\motor2d\debug\motor 2d.tlog\cl.read.1.tlog
c:\upc\desenvolupament\development_class_3\motor2d\debug\motor 2d.tlog\cl.write.1.tlog
c:\upc\desenvolupament\development_class_3\motor2d\debug\motor 2d.tlog\link.command.1.tlog
c:\upc\desenvolupament\development_class_3\motor2d\debug\motor 2d.tlog\link.read.1.tlog
c:\upc\desenvolupament\development_class_3\motor2d\debug\motor 2d.tlog\link.write.1.tlog
c:\upc\desenvolupament\development_class_3\motor2d\debug\motor 2d.tlog\motor 2d.write.1u.tlog
